{"/home/runner/work/react-design-editor/react-design-editor/src/editors/aiuigenerator/AIUIEditor.tsx": {"path":"/home/runner/work/react-design-editor/react-design-editor/src/editors/aiuigenerator/AIUIEditor.tsx","statementMap":{"0":{"start":{"line":8,"column":36},"end":{"line":124,"column":null}},"1":{"start":{"line":9,"column":31},"end":{"line":9,"column":null}},"2":{"start":{"line":10,"column":37},"end":{"line":10,"column":null}},"3":{"start":{"line":11,"column":43},"end":{"line":11,"column":null}},"4":{"start":{"line":12,"column":37},"end":{"line":12,"column":null}},"5":{"start":{"line":13,"column":23},"end":{"line":13,"column":null}},"6":{"start":{"line":15,"column":26},"end":{"line":28,"column":null}},"7":{"start":{"line":16,"column":2},"end":{"line":16,"column":null}},"8":{"start":{"line":17,"column":2},"end":{"line":17,"column":null}},"9":{"start":{"line":19,"column":2},"end":{"line":27,"column":null}},"10":{"start":{"line":20,"column":18},"end":{"line":20,"column":null}},"11":{"start":{"line":21,"column":3},"end":{"line":21,"column":null}},"12":{"start":{"line":22,"column":3},"end":{"line":22,"column":null}},"13":{"start":{"line":24,"column":3},"end":{"line":24,"column":null}},"14":{"start":{"line":26,"column":3},"end":{"line":26,"column":null}},"15":{"start":{"line":30,"column":26},"end":{"line":47,"column":null}},"16":{"start":{"line":31,"column":2},"end":{"line":34,"column":null}},"17":{"start":{"line":32,"column":3},"end":{"line":32,"column":null}},"18":{"start":{"line":33,"column":3},"end":{"line":33,"column":null}},"19":{"start":{"line":36,"column":2},"end":{"line":46,"column":null}},"20":{"start":{"line":37,"column":16},"end":{"line":41,"column":null}},"21":{"start":{"line":42,"column":3},"end":{"line":42,"column":null}},"22":{"start":{"line":43,"column":3},"end":{"line":43,"column":null}},"23":{"start":{"line":45,"column":3},"end":{"line":45,"column":null}},"24":{"start":{"line":49,"column":1},"end":{"line":122,"column":null}},"25":{"start":{"line":53,"column":20},"end":{"line":53,"column":null}},"26":{"start":{"line":61,"column":20},"end":{"line":61,"column":null}},"27":{"start":{"line":69,"column":20},"end":{"line":69,"column":null}}},"fnMap":{"0":{"name":"(anonymous_0)","decl":{"start":{"line":8,"column":36},"end":{"line":8,"column":42}},"loc":{"start":{"line":8,"column":42},"end":{"line":124,"column":null}},"line":8},"1":{"name":"(anonymous_1)","decl":{"start":{"line":15,"column":26},"end":{"line":15,"column":33}},"loc":{"start":{"line":15,"column":80},"end":{"line":28,"column":null}},"line":15},"2":{"name":"(anonymous_2)","decl":{"start":{"line":30,"column":26},"end":{"line":30,"column":38}},"loc":{"start":{"line":30,"column":38},"end":{"line":47,"column":null}},"line":30},"3":{"name":"(anonymous_3)","decl":{"start":{"line":53,"column":14},"end":{"line":53,"column":20}},"loc":{"start":{"line":53,"column":20},"end":{"line":53,"column":null}},"line":53},"4":{"name":"(anonymous_4)","decl":{"start":{"line":61,"column":14},"end":{"line":61,"column":20}},"loc":{"start":{"line":61,"column":20},"end":{"line":61,"column":null}},"line":61},"5":{"name":"(anonymous_5)","decl":{"start":{"line":69,"column":14},"end":{"line":69,"column":20}},"loc":{"start":{"line":69,"column":20},"end":{"line":69,"column":null}},"line":69}},"branchMap":{"0":{"loc":{"start":{"line":24,"column":12},"end":{"line":24,"column":72}},"type":"cond-expr","locations":[{"start":{"line":24,"column":35},"end":{"line":24,"column":49}},{"start":{"line":24,"column":49},"end":{"line":24,"column":72}}],"line":24},"1":{"loc":{"start":{"line":31,"column":2},"end":{"line":34,"column":null}},"type":"if","locations":[{"start":{"line":31,"column":2},"end":{"line":34,"column":null}},{"start":{},"end":{}}],"line":31},"2":{"loc":{"start":{"line":45,"column":12},"end":{"line":45,"column":72}},"type":"cond-expr","locations":[{"start":{"line":45,"column":35},"end":{"line":45,"column":49}},{"start":{"line":45,"column":49},"end":{"line":45,"column":72}}],"line":45},"3":{"loc":{"start":{"line":54,"column":16},"end":{"line":54,"column":null}},"type":"cond-expr","locations":[{"start":{"line":54,"column":41},"end":{"line":54,"column":52}},{"start":{"line":54,"column":52},"end":{"line":54,"column":null}}],"line":54},"4":{"loc":{"start":{"line":62,"column":16},"end":{"line":62,"column":null}},"type":"cond-expr","locations":[{"start":{"line":62,"column":37},"end":{"line":62,"column":48}},{"start":{"line":62,"column":48},"end":{"line":62,"column":null}}],"line":62},"5":{"loc":{"start":{"line":70,"column":16},"end":{"line":70,"column":null}},"type":"cond-expr","locations":[{"start":{"line":70,"column":41},"end":{"line":70,"column":52}},{"start":{"line":70,"column":52},"end":{"line":70,"column":null}}],"line":70},"6":{"loc":{"start":{"line":79,"column":5},"end":{"line":83,"column":null}},"type":"binary-expr","locations":[{"start":{"line":79,"column":5},"end":{"line":79,"column":null}},{"start":{"line":80,"column":5},"end":{"line":83,"column":null}}],"line":79},"7":{"loc":{"start":{"line":82,"column":7},"end":{"line":82,"column":null}},"type":"binary-expr","locations":[{"start":{"line":82,"column":7},"end":{"line":82,"column":16}},{"start":{"line":82,"column":16},"end":{"line":82,"column":null}}],"line":82},"8":{"loc":{"start":{"line":86,"column":5},"end":{"line":104,"column":null}},"type":"binary-expr","locations":[{"start":{"line":86,"column":5},"end":{"line":86,"column":null}},{"start":{"line":87,"column":5},"end":{"line":104,"column":null}}],"line":86},"9":{"loc":{"start":{"line":89,"column":7},"end":{"line":102,"column":null}},"type":"cond-expr","locations":[{"start":{"line":90,"column":7},"end":{"line":100,"column":null}},{"start":{"line":102,"column":7},"end":{"line":102,"column":null}}],"line":89},"10":{"loc":{"start":{"line":107,"column":5},"end":{"line":115,"column":null}},"type":"binary-expr","locations":[{"start":{"line":107,"column":5},"end":{"line":107,"column":null}},{"start":{"line":108,"column":5},"end":{"line":115,"column":null}}],"line":107},"11":{"loc":{"start":{"line":110,"column":7},"end":{"line":113,"column":null}},"type":"cond-expr","locations":[{"start":{"line":111,"column":7},"end":{"line":111,"column":null}},{"start":{"line":113,"column":7},"end":{"line":113,"column":null}}],"line":110}},"s":{"0":1,"1":36,"2":36,"3":36,"4":36,"5":36,"6":36,"7":4,"8":4,"9":4,"10":4,"11":4,"12":4,"13":0,"14":4,"15":36,"16":1,"17":0,"18":0,"19":1,"20":1,"21":1,"22":1,"23":0,"24":36,"25":2,"26":3,"27":2},"f":{"0":36,"1":4,"2":1,"3":2,"4":3,"5":2},"b":{"0":[0,0],"1":[0,1],"2":[0,0],"3":[21,15],"4":[12,24],"5":[3,33],"6":[36,21],"7":[21,0],"8":[36,12],"9":[9,3],"10":[36,3],"11":[1,2]},"meta":{"lastBranch":12,"lastFunction":6,"lastStatement":28,"seen":{"s:8:36:124:Infinity":0,"f:8:36:8:42":0,"s:9:31:9:Infinity":1,"s:10:37:10:Infinity":2,"s:11:43:11:Infinity":3,"s:12:37:12:Infinity":4,"s:13:23:13:Infinity":5,"s:15:26:28:Infinity":6,"f:15:26:15:33":1,"s:16:2:16:Infinity":7,"s:17:2:17:Infinity":8,"s:19:2:27:Infinity":9,"s:20:18:20:Infinity":10,"s:21:3:21:Infinity":11,"s:22:3:22:Infinity":12,"s:24:3:24:Infinity":13,"b:24:35:24:49:24:49:24:72":0,"s:26:3:26:Infinity":14,"s:30:26:47:Infinity":15,"f:30:26:30:38":2,"b:31:2:34:Infinity:undefined:undefined:undefined:undefined":1,"s:31:2:34:Infinity":16,"s:32:3:32:Infinity":17,"s:33:3:33:Infinity":18,"s:36:2:46:Infinity":19,"s:37:16:41:Infinity":20,"s:42:3:42:Infinity":21,"s:43:3:43:Infinity":22,"s:45:3:45:Infinity":23,"b:45:35:45:49:45:49:45:72":2,"s:49:1:122:Infinity":24,"f:53:14:53:20":3,"s:53:20:53:Infinity":25,"b:54:41:54:52:54:52:54:Infinity":3,"f:61:14:61:20":4,"s:61:20:61:Infinity":26,"b:62:37:62:48:62:48:62:Infinity":4,"f:69:14:69:20":5,"s:69:20:69:Infinity":27,"b:70:41:70:52:70:52:70:Infinity":5,"b:79:5:79:Infinity:80:5:83:Infinity":6,"b:82:7:82:16:82:16:82:Infinity":7,"b:86:5:86:Infinity:87:5:104:Infinity":8,"b:90:7:100:Infinity:102:7:102:Infinity":9,"b:107:5:107:Infinity:108:5:115:Infinity":10,"b:111:7:111:Infinity:113:7:113:Infinity":11}}}
,"/home/runner/work/react-design-editor/react-design-editor/src/editors/aiuigenerator/PromptInput.tsx": {"path":"/home/runner/work/react-design-editor/react-design-editor/src/editors/aiuigenerator/PromptInput.tsx","statementMap":{"0":{"start":{"line":9,"column":22},"end":{"line":14,"column":null}},"1":{"start":{"line":16,"column":55},"end":{"line":135,"column":null}},"2":{"start":{"line":17,"column":25},"end":{"line":17,"column":null}},"3":{"start":{"line":18,"column":45},"end":{"line":18,"column":null}},"4":{"start":{"line":19,"column":27},"end":{"line":25,"column":null}},"5":{"start":{"line":27,"column":22},"end":{"line":32,"column":null}},"6":{"start":{"line":28,"column":2},"end":{"line":28,"column":null}},"7":{"start":{"line":29,"column":2},"end":{"line":31,"column":null}},"8":{"start":{"line":30,"column":3},"end":{"line":30,"column":null}},"9":{"start":{"line":34,"column":27},"end":{"line":37,"column":null}},"10":{"start":{"line":35,"column":2},"end":{"line":35,"column":null}},"11":{"start":{"line":36,"column":2},"end":{"line":36,"column":null}},"12":{"start":{"line":39,"column":21},"end":{"line":43,"column":null}},"13":{"start":{"line":40,"column":2},"end":{"line":42,"column":null}},"14":{"start":{"line":41,"column":3},"end":{"line":41,"column":null}},"15":{"start":{"line":45,"column":20},"end":{"line":48,"column":null}},"16":{"start":{"line":47,"column":2},"end":{"line":47,"column":null}},"17":{"start":{"line":47,"column":19},"end":{"line":47,"column":47}},"18":{"start":{"line":50,"column":1},"end":{"line":133,"column":null}},"19":{"start":{"line":56,"column":21},"end":{"line":56,"column":null}},"20":{"start":{"line":68,"column":8},"end":{"line":75,"column":null}},"21":{"start":{"line":71,"column":24},"end":{"line":71,"column":null}},"22":{"start":{"line":87,"column":8},"end":{"line":87,"column":null}},"23":{"start":{"line":103,"column":8},"end":{"line":103,"column":null}},"24":{"start":{"line":118,"column":8},"end":{"line":118,"column":null}}},"fnMap":{"0":{"name":"(anonymous_0)","decl":{"start":{"line":16,"column":55},"end":{"line":16,"column":56}},"loc":{"start":{"line":16,"column":84},"end":{"line":135,"column":null}},"line":16},"1":{"name":"(anonymous_1)","decl":{"start":{"line":27,"column":22},"end":{"line":27,"column":23}},"loc":{"start":{"line":27,"column":40},"end":{"line":32,"column":null}},"line":27},"2":{"name":"(anonymous_2)","decl":{"start":{"line":34,"column":27},"end":{"line":34,"column":28}},"loc":{"start":{"line":34,"column":52},"end":{"line":37,"column":null}},"line":34},"3":{"name":"(anonymous_3)","decl":{"start":{"line":39,"column":21},"end":{"line":39,"column":27}},"loc":{"start":{"line":39,"column":27},"end":{"line":43,"column":null}},"line":39},"4":{"name":"(anonymous_4)","decl":{"start":{"line":45,"column":20},"end":{"line":45,"column":26}},"loc":{"start":{"line":45,"column":26},"end":{"line":48,"column":null}},"line":45},"5":{"name":"(anonymous_5)","decl":{"start":{"line":47,"column":13},"end":{"line":47,"column":19}},"loc":{"start":{"line":47,"column":19},"end":{"line":47,"column":47}},"line":47},"6":{"name":"(anonymous_6)","decl":{"start":{"line":56,"column":16},"end":{"line":56,"column":21}},"loc":{"start":{"line":56,"column":21},"end":{"line":56,"column":null}},"line":56},"7":{"name":"(anonymous_7)","decl":{"start":{"line":67,"column":26},"end":{"line":67,"column":27}},"loc":{"start":{"line":68,"column":8},"end":{"line":75,"column":null}},"line":68},"8":{"name":"(anonymous_8)","decl":{"start":{"line":71,"column":18},"end":{"line":71,"column":24}},"loc":{"start":{"line":71,"column":24},"end":{"line":71,"column":null}},"line":71},"9":{"name":"(anonymous_9)","decl":{"start":{"line":86,"column":17},"end":{"line":86,"column":null}},"loc":{"start":{"line":87,"column":8},"end":{"line":87,"column":null}},"line":87},"10":{"name":"(anonymous_10)","decl":{"start":{"line":102,"column":17},"end":{"line":102,"column":null}},"loc":{"start":{"line":103,"column":8},"end":{"line":103,"column":null}},"line":103},"11":{"name":"(anonymous_11)","decl":{"start":{"line":117,"column":17},"end":{"line":117,"column":null}},"loc":{"start":{"line":118,"column":8},"end":{"line":118,"column":null}},"line":118}},"branchMap":{"0":{"loc":{"start":{"line":29,"column":2},"end":{"line":31,"column":null}},"type":"if","locations":[{"start":{"line":29,"column":2},"end":{"line":31,"column":null}},{"start":{},"end":{}}],"line":29},"1":{"loc":{"start":{"line":40,"column":2},"end":{"line":42,"column":null}},"type":"if","locations":[{"start":{"line":40,"column":2},"end":{"line":42,"column":null}},{"start":{},"end":{}}],"line":40},"2":{"loc":{"start":{"line":64,"column":6},"end":{"line":77,"column":null}},"type":"binary-expr","locations":[{"start":{"line":64,"column":6},"end":{"line":64,"column":null}},{"start":{"line":65,"column":6},"end":{"line":77,"column":null}}],"line":64},"3":{"loc":{"start":{"line":129,"column":36},"end":{"line":129,"column":65}},"type":"binary-expr","locations":[{"start":{"line":129,"column":36},"end":{"line":129,"column":49}},{"start":{"line":129,"column":49},"end":{"line":129,"column":65}}],"line":129},"4":{"loc":{"start":{"line":130,"column":6},"end":{"line":130,"column":null}},"type":"cond-expr","locations":[{"start":{"line":130,"column":18},"end":{"line":130,"column":36}},{"start":{"line":130,"column":36},"end":{"line":130,"column":null}}],"line":130}},"s":{"0":2,"1":2,"2":176,"3":176,"4":176,"5":176,"6":9,"7":9,"8":9,"9":176,"10":1,"11":1,"12":176,"13":14,"14":14,"15":176,"16":11,"17":9,"18":176,"19":123,"20":580,"21":1,"22":1,"23":1,"24":1},"f":{"0":176,"1":9,"2":1,"3":14,"4":11,"5":9,"6":123,"7":580,"8":1,"9":1,"10":1,"11":1},"b":{"0":[9,0],"1":[14,0],"2":[176,145],"3":[176,166],"4":[10,166]},"meta":{"lastBranch":5,"lastFunction":12,"lastStatement":25,"seen":{"s:9:22:14:Infinity":0,"s:16:55:135:Infinity":1,"f:16:55:16:56":0,"s:17:25:17:Infinity":2,"s:18:45:18:Infinity":3,"s:19:27:25:Infinity":4,"s:27:22:32:Infinity":5,"f:27:22:27:23":1,"s:28:2:28:Infinity":6,"b:29:2:31:Infinity:undefined:undefined:undefined:undefined":0,"s:29:2:31:Infinity":7,"s:30:3:30:Infinity":8,"s:34:27:37:Infinity":9,"f:34:27:34:28":2,"s:35:2:35:Infinity":10,"s:36:2:36:Infinity":11,"s:39:21:43:Infinity":12,"f:39:21:39:27":3,"b:40:2:42:Infinity:undefined:undefined:undefined:undefined":1,"s:40:2:42:Infinity":13,"s:41:3:41:Infinity":14,"s:45:20:48:Infinity":15,"f:45:20:45:26":4,"s:47:2:47:Infinity":16,"f:47:13:47:19":5,"s:47:19:47:47":17,"s:50:1:133:Infinity":18,"f:56:16:56:21":6,"s:56:21:56:Infinity":19,"b:64:6:64:Infinity:65:6:77:Infinity":2,"f:67:26:67:27":7,"s:68:8:75:Infinity":20,"f:71:18:71:24":8,"s:71:24:71:Infinity":21,"f:86:17:86:Infinity":9,"s:87:8:87:Infinity":22,"f:102:17:102:Infinity":10,"s:103:8:103:Infinity":23,"f:117:17:117:Infinity":11,"s:118:8:118:Infinity":24,"b:129:36:129:49:129:49:129:65":3,"b:130:18:130:36:130:36:130:Infinity":4}}}
,"/home/runner/work/react-design-editor/react-design-editor/src/libs/ai/claude.ts": {"path":"/home/runner/work/react-design-editor/react-design-editor/src/libs/ai/claude.ts","statementMap":{"0":{"start":{"line":43,"column":1},"end":{"line":45,"column":null}},"1":{"start":{"line":44,"column":2},"end":{"line":44,"column":null}},"2":{"start":{"line":49,"column":22},"end":{"line":49,"column":null}},"3":{"start":{"line":52,"column":7},"end":{"line":52,"column":null}},"4":{"start":{"line":53,"column":1},"end":{"line":53,"column":null}},"5":{"start":{"line":56,"column":7},"end":{"line":56,"column":null}},"6":{"start":{"line":58,"column":1},"end":{"line":70,"column":null}},"7":{"start":{"line":78,"column":1},"end":{"line":80,"column":null}},"8":{"start":{"line":79,"column":2},"end":{"line":79,"column":null}},"9":{"start":{"line":84,"column":22},"end":{"line":84,"column":null}},"10":{"start":{"line":86,"column":1},"end":{"line":88,"column":null}},"11":{"start":{"line":99,"column":1},"end":{"line":101,"column":null}},"12":{"start":{"line":100,"column":2},"end":{"line":100,"column":null}},"13":{"start":{"line":105,"column":27},"end":{"line":105,"column":null}},"14":{"start":{"line":107,"column":1},"end":{"line":113,"column":null}},"15":{"start":{"line":107,"column":14},"end":{"line":107,"column":17}},"16":{"start":{"line":108,"column":2},"end":{"line":112,"column":null}},"17":{"start":{"line":115,"column":1},"end":{"line":115,"column":null}},"18":{"start":{"line":125,"column":1},"end":{"line":125,"column":null}},"19":{"start":{"line":125,"column":30},"end":{"line":125,"column":53}},"20":{"start":{"line":129,"column":2},"end":{"line":133,"column":null}},"21":{"start":{"line":136,"column":18},"end":{"line":136,"column":null}},"22":{"start":{"line":137,"column":16},"end":{"line":137,"column":null}},"23":{"start":{"line":139,"column":24},"end":{"line":139,"column":null}},"24":{"start":{"line":141,"column":1},"end":{"line":160,"column":null}},"25":{"start":{"line":142,"column":2},"end":{"line":151,"column":null}},"26":{"start":{"line":152,"column":2},"end":{"line":159,"column":null}},"27":{"start":{"line":162,"column":1},"end":{"line":184,"column":null}},"28":{"start":{"line":164,"column":2},"end":{"line":175,"column":null}},"29":{"start":{"line":176,"column":2},"end":{"line":183,"column":null}},"30":{"start":{"line":186,"column":18},"end":{"line":199,"column":null}},"31":{"start":{"line":201,"column":1},"end":{"line":201,"column":null}},"32":{"start":{"line":206,"column":1},"end":{"line":206,"column":null}},"33":{"start":{"line":206,"column":30},"end":{"line":206,"column":53}},"34":{"start":{"line":208,"column":21},"end":{"line":208,"column":null}},"35":{"start":{"line":211,"column":41},"end":{"line":211,"column":null}},"36":{"start":{"line":213,"column":1},"end":{"line":219,"column":null}},"37":{"start":{"line":214,"column":2},"end":{"line":214,"column":null}},"38":{"start":{"line":215,"column":1},"end":{"line":219,"column":null}},"39":{"start":{"line":216,"column":2},"end":{"line":216,"column":null}},"40":{"start":{"line":217,"column":1},"end":{"line":219,"column":null}},"41":{"start":{"line":218,"column":2},"end":{"line":218,"column":null}},"42":{"start":{"line":221,"column":1},"end":{"line":227,"column":null}},"43":{"start":{"line":222,"column":2},"end":{"line":222,"column":null}},"44":{"start":{"line":223,"column":2},"end":{"line":223,"column":null}},"45":{"start":{"line":224,"column":1},"end":{"line":227,"column":null}},"46":{"start":{"line":225,"column":2},"end":{"line":225,"column":null}},"47":{"start":{"line":226,"column":2},"end":{"line":226,"column":null}},"48":{"start":{"line":229,"column":1},"end":{"line":229,"column":null}},"49":{"start":{"line":233,"column":18},"end":{"line":238,"column":null}},"50":{"start":{"line":239,"column":1},"end":{"line":239,"column":null}}},"fnMap":{"0":{"name":"generateUIFromPrompt","decl":{"start":{"line":38,"column":22},"end":{"line":38,"column":null}},"loc":{"start":{"line":41,"column":29},"end":{"line":71,"column":null}},"line":41},"1":{"name":"refineDesign","decl":{"start":{"line":76,"column":22},"end":{"line":76,"column":35}},"loc":{"start":{"line":76,"column":94},"end":{"line":89,"column":null}},"line":76},"2":{"name":"generateStyleVariations","decl":{"start":{"line":94,"column":22},"end":{"line":94,"column":null}},"loc":{"start":{"line":97,"column":18},"end":{"line":116,"column":null}},"line":97},"3":{"name":"simulateClaudeAPICall","decl":{"start":{"line":120,"column":15},"end":{"line":120,"column":null}},"loc":{"start":{"line":123,"column":19},"end":{"line":202,"column":null}},"line":123},"4":{"name":"(anonymous_4)","decl":{"start":{"line":125,"column":19},"end":{"line":125,"column":30}},"loc":{"start":{"line":125,"column":30},"end":{"line":125,"column":53}},"line":125},"5":{"name":"simulateRefineAPICall","decl":{"start":{"line":204,"column":15},"end":{"line":204,"column":37}},"loc":{"start":{"line":204,"column":81},"end":{"line":230,"column":null}},"line":204},"6":{"name":"(anonymous_6)","decl":{"start":{"line":206,"column":19},"end":{"line":206,"column":30}},"loc":{"start":{"line":206,"column":30},"end":{"line":206,"column":53}},"line":206},"7":{"name":"generateMockColorPalette","decl":{"start":{"line":232,"column":9},"end":{"line":232,"column":34}},"loc":{"start":{"line":232,"column":58},"end":{"line":240,"column":null}},"line":232}},"branchMap":{"0":{"loc":{"start":{"line":43,"column":1},"end":{"line":45,"column":null}},"type":"if","locations":[{"start":{"line":43,"column":1},"end":{"line":45,"column":null}},{"start":{},"end":{}}],"line":43},"1":{"loc":{"start":{"line":43,"column":5},"end":{"line":43,"column":44}},"type":"binary-expr","locations":[{"start":{"line":43,"column":5},"end":{"line":43,"column":16}},{"start":{"line":43,"column":16},"end":{"line":43,"column":44}}],"line":43},"2":{"loc":{"start":{"line":62,"column":10},"end":{"line":62,"column":null}},"type":"binary-expr","locations":[{"start":{"line":62,"column":10},"end":{"line":62,"column":27}},{"start":{"line":62,"column":27},"end":{"line":62,"column":null}}],"line":62},"3":{"loc":{"start":{"line":63,"column":16},"end":{"line":63,"column":null}},"type":"binary-expr","locations":[{"start":{"line":63,"column":16},"end":{"line":63,"column":39}},{"start":{"line":63,"column":39},"end":{"line":63,"column":null}}],"line":63},"4":{"loc":{"start":{"line":65,"column":15},"end":{"line":65,"column":null}},"type":"binary-expr","locations":[{"start":{"line":65,"column":15},"end":{"line":65,"column":46}},{"start":{"line":65,"column":46},"end":{"line":65,"column":null}}],"line":65},"5":{"loc":{"start":{"line":66,"column":16},"end":{"line":66,"column":null}},"type":"binary-expr","locations":[{"start":{"line":66,"column":16},"end":{"line":66,"column":48}},{"start":{"line":66,"column":48},"end":{"line":66,"column":null}}],"line":66},"6":{"loc":{"start":{"line":67,"column":15},"end":{"line":67,"column":null}},"type":"binary-expr","locations":[{"start":{"line":67,"column":15},"end":{"line":67,"column":46}},{"start":{"line":67,"column":46},"end":{"line":67,"column":null}}],"line":67},"7":{"loc":{"start":{"line":78,"column":1},"end":{"line":80,"column":null}},"type":"if","locations":[{"start":{"line":78,"column":1},"end":{"line":80,"column":null}},{"start":{},"end":{}}],"line":78},"8":{"loc":{"start":{"line":78,"column":5},"end":{"line":78,"column":70}},"type":"binary-expr","locations":[{"start":{"line":78,"column":5},"end":{"line":78,"column":29}},{"start":{"line":78,"column":29},"end":{"line":78,"column":70}}],"line":78},"9":{"loc":{"start":{"line":87,"column":14},"end":{"line":87,"column":null}},"type":"binary-expr","locations":[{"start":{"line":87,"column":14},"end":{"line":87,"column":41}},{"start":{"line":87,"column":41},"end":{"line":87,"column":null}}],"line":87},"10":{"loc":{"start":{"line":96,"column":1},"end":{"line":96,"column":null}},"type":"default-arg","locations":[{"start":{"line":96,"column":17},"end":{"line":96,"column":null}}],"line":96},"11":{"loc":{"start":{"line":99,"column":1},"end":{"line":101,"column":null}},"type":"if","locations":[{"start":{"line":99,"column":1},"end":{"line":101,"column":null}},{"start":{},"end":{}}],"line":99},"12":{"loc":{"start":{"line":99,"column":5},"end":{"line":99,"column":30}},"type":"binary-expr","locations":[{"start":{"line":99,"column":5},"end":{"line":99,"column":18}},{"start":{"line":99,"column":18},"end":{"line":99,"column":30}}],"line":99},"13":{"loc":{"start":{"line":129,"column":2},"end":{"line":133,"column":null}},"type":"cond-expr","locations":[{"start":{"line":130,"column":5},"end":{"line":130,"column":null}},{"start":{"line":131,"column":5},"end":{"line":133,"column":null}}],"line":129},"14":{"loc":{"start":{"line":131,"column":5},"end":{"line":133,"column":null}},"type":"cond-expr","locations":[{"start":{"line":132,"column":5},"end":{"line":132,"column":null}},{"start":{"line":133,"column":5},"end":{"line":133,"column":null}}],"line":131},"15":{"loc":{"start":{"line":137,"column":16},"end":{"line":137,"column":null}},"type":"binary-expr","locations":[{"start":{"line":137,"column":16},"end":{"line":137,"column":57}},{"start":{"line":137,"column":57},"end":{"line":137,"column":null}}],"line":137},"16":{"loc":{"start":{"line":141,"column":1},"end":{"line":160,"column":null}},"type":"if","locations":[{"start":{"line":141,"column":1},"end":{"line":160,"column":null}},{"start":{},"end":{}}],"line":141},"17":{"loc":{"start":{"line":162,"column":1},"end":{"line":184,"column":null}},"type":"if","locations":[{"start":{"line":162,"column":1},"end":{"line":184,"column":null}},{"start":{},"end":{}}],"line":162},"18":{"loc":{"start":{"line":194,"column":15},"end":{"line":194,"column":null}},"type":"cond-expr","locations":[{"start":{"line":194,"column":24},"end":{"line":194,"column":39}},{"start":{"line":194,"column":39},"end":{"line":194,"column":null}}],"line":194},"19":{"loc":{"start":{"line":194,"column":39},"end":{"line":194,"column":null}},"type":"cond-expr","locations":[{"start":{"line":194,"column":50},"end":{"line":194,"column":61}},{"start":{"line":194,"column":61},"end":{"line":194,"column":null}}],"line":194},"20":{"loc":{"start":{"line":196,"column":15},"end":{"line":196,"column":null}},"type":"cond-expr","locations":[{"start":{"line":196,"column":24},"end":{"line":196,"column":44}},{"start":{"line":196,"column":44},"end":{"line":196,"column":null}}],"line":196},"21":{"loc":{"start":{"line":196,"column":44},"end":{"line":196,"column":null}},"type":"cond-expr","locations":[{"start":{"line":196,"column":55},"end":{"line":196,"column":68}},{"start":{"line":196,"column":68},"end":{"line":196,"column":null}}],"line":196},"22":{"loc":{"start":{"line":213,"column":1},"end":{"line":219,"column":null}},"type":"if","locations":[{"start":{"line":213,"column":1},"end":{"line":219,"column":null}},{"start":{"line":215,"column":1},"end":{"line":219,"column":null}}],"line":213},"23":{"loc":{"start":{"line":215,"column":1},"end":{"line":219,"column":null}},"type":"if","locations":[{"start":{"line":215,"column":1},"end":{"line":219,"column":null}},{"start":{"line":217,"column":1},"end":{"line":219,"column":null}}],"line":215},"24":{"loc":{"start":{"line":217,"column":1},"end":{"line":219,"column":null}},"type":"if","locations":[{"start":{"line":217,"column":1},"end":{"line":219,"column":null}},{"start":{},"end":{}}],"line":217},"25":{"loc":{"start":{"line":221,"column":1},"end":{"line":227,"column":null}},"type":"if","locations":[{"start":{"line":221,"column":1},"end":{"line":227,"column":null}},{"start":{"line":224,"column":1},"end":{"line":227,"column":null}}],"line":221},"26":{"loc":{"start":{"line":221,"column":5},"end":{"line":221,"column":71}},"type":"binary-expr","locations":[{"start":{"line":221,"column":5},"end":{"line":221,"column":39}},{"start":{"line":221,"column":39},"end":{"line":221,"column":71}}],"line":221},"27":{"loc":{"start":{"line":224,"column":1},"end":{"line":227,"column":null}},"type":"if","locations":[{"start":{"line":224,"column":1},"end":{"line":227,"column":null}},{"start":{},"end":{}}],"line":224}},"s":{"0":12,"1":2,"2":10,"3":10,"4":10,"5":10,"6":10,"7":6,"8":1,"9":5,"10":5,"11":8,"12":2,"13":6,"14":6,"15":6,"16":18,"17":6,"18":10,"19":10,"20":10,"21":10,"22":10,"23":10,"24":10,"25":7,"26":7,"27":10,"28":3,"29":3,"30":10,"31":10,"32":5,"33":5,"34":5,"35":5,"36":5,"37":2,"38":3,"39":0,"40":3,"41":0,"42":5,"43":1,"44":1,"45":4,"46":1,"47":1,"48":5,"49":18,"50":18},"f":{"0":12,"1":6,"2":8,"3":10,"4":10,"5":5,"6":5,"7":18},"b":{"0":[2,10],"1":[12,11],"2":[10,0],"3":[12,0],"4":[12,0],"5":[12,0],"6":[12,0],"7":[1,5],"8":[6,5],"9":[5,0],"10":[8],"11":[2,6],"12":[8,7],"13":[1,9],"14":[0,9],"15":[10,7],"16":[7,3],"17":[3,7],"18":[3,7],"19":[7,0],"20":[3,7],"21":[7,0],"22":[2,3],"23":[0,3],"24":[0,3],"25":[1,4],"26":[5,4],"27":[1,3]},"meta":{"lastBranch":28,"lastFunction":8,"lastStatement":51,"seen":{"f:38:22:38:Infinity":0,"b:43:1:45:Infinity:undefined:undefined:undefined:undefined":0,"s:43:1:45:Infinity":0,"b:43:5:43:16:43:16:43:44":1,"s:44:2:44:Infinity":1,"s:49:22:49:Infinity":2,"s:52:7:52:Infinity":3,"s:53:1:53:Infinity":4,"s:56:7:56:Infinity":5,"s:58:1:70:Infinity":6,"b:62:10:62:27:62:27:62:Infinity":2,"b:63:16:63:39:63:39:63:Infinity":3,"b:65:15:65:46:65:46:65:Infinity":4,"b:66:16:66:48:66:48:66:Infinity":5,"b:67:15:67:46:67:46:67:Infinity":6,"f:76:22:76:35":1,"b:78:1:80:Infinity:undefined:undefined:undefined:undefined":7,"s:78:1:80:Infinity":7,"b:78:5:78:29:78:29:78:70":8,"s:79:2:79:Infinity":8,"s:84:22:84:Infinity":9,"s:86:1:88:Infinity":10,"b:87:14:87:41:87:41:87:Infinity":9,"f:94:22:94:Infinity":2,"b:96:17:96:Infinity":10,"b:99:1:101:Infinity:undefined:undefined:undefined:undefined":11,"s:99:1:101:Infinity":11,"b:99:5:99:18:99:18:99:30":12,"s:100:2:100:Infinity":12,"s:105:27:105:Infinity":13,"s:107:1:113:Infinity":14,"s:107:14:107:17":15,"s:108:2:112:Infinity":16,"s:115:1:115:Infinity":17,"f:120:15:120:Infinity":3,"s:125:1:125:Infinity":18,"f:125:19:125:30":4,"s:125:30:125:53":19,"s:129:2:133:Infinity":20,"b:130:5:130:Infinity:131:5:133:Infinity":13,"b:132:5:132:Infinity:133:5:133:Infinity":14,"s:136:18:136:Infinity":21,"s:137:16:137:Infinity":22,"b:137:16:137:57:137:57:137:Infinity":15,"s:139:24:139:Infinity":23,"b:141:1:160:Infinity:undefined:undefined:undefined:undefined":16,"s:141:1:160:Infinity":24,"s:142:2:151:Infinity":25,"s:152:2:159:Infinity":26,"b:162:1:184:Infinity:undefined:undefined:undefined:undefined":17,"s:162:1:184:Infinity":27,"s:164:2:175:Infinity":28,"s:176:2:183:Infinity":29,"s:186:18:199:Infinity":30,"b:194:24:194:39:194:39:194:Infinity":18,"b:194:50:194:61:194:61:194:Infinity":19,"b:196:24:196:44:196:44:196:Infinity":20,"b:196:55:196:68:196:68:196:Infinity":21,"s:201:1:201:Infinity":31,"f:204:15:204:37":5,"s:206:1:206:Infinity":32,"f:206:19:206:30":6,"s:206:30:206:53":33,"s:208:21:208:Infinity":34,"s:211:41:211:Infinity":35,"b:213:1:219:Infinity:215:1:219:Infinity":22,"s:213:1:219:Infinity":36,"s:214:2:214:Infinity":37,"b:215:1:219:Infinity:217:1:219:Infinity":23,"s:215:1:219:Infinity":38,"s:216:2:216:Infinity":39,"b:217:1:219:Infinity:undefined:undefined:undefined:undefined":24,"s:217:1:219:Infinity":40,"s:218:2:218:Infinity":41,"b:221:1:227:Infinity:224:1:227:Infinity":25,"s:221:1:227:Infinity":42,"b:221:5:221:39:221:39:221:71":26,"s:222:2:222:Infinity":43,"s:223:2:223:Infinity":44,"b:224:1:227:Infinity:undefined:undefined:undefined:undefined":27,"s:224:1:227:Infinity":45,"s:225:2:225:Infinity":46,"s:226:2:226:Infinity":47,"s:229:1:229:Infinity":48,"f:232:9:232:34":7,"s:233:18:238:Infinity":49,"s:239:1:239:Infinity":50}}}
,"/home/runner/work/react-design-editor/react-design-editor/src/libs/ai/parsers.ts": {"path":"/home/runner/work/react-design-editor/react-design-editor/src/libs/ai/parsers.ts","statementMap":{"0":{"start":{"line":6,"column":19},"end":{"line":6,"column":null}},"1":{"start":{"line":7,"column":1},"end":{"line":9,"column":null}},"2":{"start":{"line":8,"column":2},"end":{"line":8,"column":null}},"3":{"start":{"line":11,"column":1},"end":{"line":15,"column":null}},"4":{"start":{"line":12,"column":2},"end":{"line":12,"column":null}},"5":{"start":{"line":14,"column":2},"end":{"line":14,"column":null}},"6":{"start":{"line":22,"column":1},"end":{"line":24,"column":null}},"7":{"start":{"line":23,"column":2},"end":{"line":23,"column":null}},"8":{"start":{"line":26,"column":1},"end":{"line":28,"column":null}},"9":{"start":{"line":27,"column":2},"end":{"line":27,"column":null}},"10":{"start":{"line":31,"column":1},"end":{"line":35,"column":null}},"11":{"start":{"line":32,"column":2},"end":{"line":34,"column":null}},"12":{"start":{"line":33,"column":3},"end":{"line":33,"column":null}},"13":{"start":{"line":42,"column":22},"end":{"line":84,"column":null}},"14":{"start":{"line":86,"column":1},"end":{"line":94,"column":null}},"15":{"start":{"line":87,"column":25},"end":{"line":87,"column":null}},"16":{"start":{"line":88,"column":2},"end":{"line":92,"column":null}},"17":{"start":{"line":89,"column":3},"end":{"line":91,"column":null}},"18":{"start":{"line":90,"column":4},"end":{"line":90,"column":null}},"19":{"start":{"line":93,"column":2},"end":{"line":93,"column":null}}},"fnMap":{"0":{"name":"parseClaudeResponse","decl":{"start":{"line":4,"column":16},"end":{"line":4,"column":36}},"loc":{"start":{"line":4,"column":59},"end":{"line":16,"column":null}},"line":4},"1":{"name":"validateDesign","decl":{"start":{"line":21,"column":16},"end":{"line":21,"column":31}},"loc":{"start":{"line":21,"column":50},"end":{"line":36,"column":null}},"line":21},"2":{"name":"(anonymous_2)","decl":{"start":{"line":31,"column":24},"end":{"line":31,"column":25}},"loc":{"start":{"line":31,"column":53},"end":{"line":35,"column":2}},"line":31},"3":{"name":"sanitizeObjects","decl":{"start":{"line":41,"column":16},"end":{"line":41,"column":32}},"loc":{"start":{"line":41,"column":55},"end":{"line":95,"column":null}},"line":41},"4":{"name":"(anonymous_4)","decl":{"start":{"line":86,"column":20},"end":{"line":86,"column":27}},"loc":{"start":{"line":86,"column":27},"end":{"line":94,"column":2}},"line":86},"5":{"name":"(anonymous_5)","decl":{"start":{"line":88,"column":27},"end":{"line":88,"column":34}},"loc":{"start":{"line":88,"column":34},"end":{"line":92,"column":3}},"line":88}},"branchMap":{"0":{"loc":{"start":{"line":7,"column":1},"end":{"line":9,"column":null}},"type":"if","locations":[{"start":{"line":7,"column":1},"end":{"line":9,"column":null}},{"start":{},"end":{}}],"line":7},"1":{"loc":{"start":{"line":14,"column":43},"end":{"line":14,"column":99}},"type":"cond-expr","locations":[{"start":{"line":14,"column":68},"end":{"line":14,"column":84}},{"start":{"line":14,"column":84},"end":{"line":14,"column":99}}],"line":14},"2":{"loc":{"start":{"line":22,"column":1},"end":{"line":24,"column":null}},"type":"if","locations":[{"start":{"line":22,"column":1},"end":{"line":24,"column":null}},{"start":{},"end":{}}],"line":22},"3":{"loc":{"start":{"line":22,"column":5},"end":{"line":22,"column":44}},"type":"binary-expr","locations":[{"start":{"line":22,"column":5},"end":{"line":22,"column":16}},{"start":{"line":22,"column":16},"end":{"line":22,"column":44}}],"line":22},"4":{"loc":{"start":{"line":26,"column":1},"end":{"line":28,"column":null}},"type":"if","locations":[{"start":{"line":26,"column":1},"end":{"line":28,"column":null}},{"start":{},"end":{}}],"line":26},"5":{"loc":{"start":{"line":32,"column":2},"end":{"line":34,"column":null}},"type":"if","locations":[{"start":{"line":32,"column":2},"end":{"line":34,"column":null}},{"start":{},"end":{}}],"line":32},"6":{"loc":{"start":{"line":89,"column":3},"end":{"line":91,"column":null}},"type":"if","locations":[{"start":{"line":89,"column":3},"end":{"line":91,"column":null}},{"start":{},"end":{}}],"line":89}},"s":{"0":14,"1":14,"2":1,"3":13,"4":13,"5":1,"6":16,"7":2,"8":14,"9":1,"10":13,"11":22,"12":1,"13":15,"14":15,"15":25,"16":25,"17":172,"18":168,"19":25},"f":{"0":14,"1":16,"2":22,"3":15,"4":25,"5":172},"b":{"0":[1,13],"1":[1,0],"2":[2,14],"3":[16,15],"4":[1,13],"5":[1,21],"6":[168,4]},"meta":{"lastBranch":7,"lastFunction":6,"lastStatement":20,"seen":{"f:4:16:4:36":0,"s:6:19:6:Infinity":0,"b:7:1:9:Infinity:undefined:undefined:undefined:undefined":0,"s:7:1:9:Infinity":1,"s:8:2:8:Infinity":2,"s:11:1:15:Infinity":3,"s:12:2:12:Infinity":4,"s:14:2:14:Infinity":5,"b:14:68:14:84:14:84:14:99":1,"f:21:16:21:31":1,"b:22:1:24:Infinity:undefined:undefined:undefined:undefined":2,"s:22:1:24:Infinity":6,"b:22:5:22:16:22:16:22:44":3,"s:23:2:23:Infinity":7,"b:26:1:28:Infinity:undefined:undefined:undefined:undefined":4,"s:26:1:28:Infinity":8,"s:27:2:27:Infinity":9,"s:31:1:35:Infinity":10,"f:31:24:31:25":2,"b:32:2:34:Infinity:undefined:undefined:undefined:undefined":5,"s:32:2:34:Infinity":11,"s:33:3:33:Infinity":12,"f:41:16:41:32":3,"s:42:22:84:Infinity":13,"s:86:1:94:Infinity":14,"f:86:20:86:27":4,"s:87:25:87:Infinity":15,"s:88:2:92:Infinity":16,"f:88:27:88:34":5,"b:89:3:91:Infinity:undefined:undefined:undefined:undefined":6,"s:89:3:91:Infinity":17,"s:90:4:90:Infinity":18,"s:93:2:93:Infinity":19}}}
,"/home/runner/work/react-design-editor/react-design-editor/src/libs/export/react.ts": {"path":"/home/runner/work/react-design-editor/react-design-editor/src/libs/export/react.ts","statementMap":{"0":{"start":{"line":17,"column":17},"end":{"line":17,"column":null}},"1":{"start":{"line":18,"column":19},"end":{"line":18,"column":null}},"2":{"start":{"line":20,"column":1},"end":{"line":20,"column":null}},"3":{"start":{"line":27,"column":27},"end":{"line":27,"column":null}},"4":{"start":{"line":29,"column":1},"end":{"line":33,"column":null}},"5":{"start":{"line":30,"column":2},"end":{"line":30,"column":null}},"6":{"start":{"line":32,"column":2},"end":{"line":32,"column":null}},"7":{"start":{"line":35,"column":1},"end":{"line":37,"column":null}},"8":{"start":{"line":36,"column":2},"end":{"line":36,"column":null}},"9":{"start":{"line":39,"column":1},"end":{"line":39,"column":null}},"10":{"start":{"line":46,"column":50},"end":{"line":46,"column":null}},"11":{"start":{"line":48,"column":23},"end":{"line":48,"column":null}},"12":{"start":{"line":49,"column":24},"end":{"line":49,"column":null}},"13":{"start":{"line":51,"column":18},"end":{"line":53,"column":null}},"14":{"start":{"line":52,"column":2},"end":{"line":52,"column":null}},"15":{"start":{"line":55,"column":23},"end":{"line":58,"column":null}},"16":{"start":{"line":62,"column":19},"end":{"line":62,"column":null}},"17":{"start":{"line":65,"column":1},"end":{"line":65,"column":null}},"18":{"start":{"line":72,"column":66},"end":{"line":72,"column":null}},"19":{"start":{"line":74,"column":1},"end":{"line":77,"column":null}},"20":{"start":{"line":75,"column":17},"end":{"line":75,"column":null}},"21":{"start":{"line":76,"column":2},"end":{"line":76,"column":null}},"22":{"start":{"line":79,"column":1},"end":{"line":82,"column":null}},"23":{"start":{"line":80,"column":17},"end":{"line":80,"column":null}},"24":{"start":{"line":81,"column":2},"end":{"line":81,"column":null}},"25":{"start":{"line":84,"column":1},"end":{"line":97,"column":null}},"26":{"start":{"line":85,"column":17},"end":{"line":95,"column":null}},"27":{"start":{"line":96,"column":2},"end":{"line":96,"column":null}},"28":{"start":{"line":100,"column":1},"end":{"line":100,"column":null}},"29":{"start":{"line":107,"column":1},"end":{"line":109,"column":null}},"30":{"start":{"line":108,"column":2},"end":{"line":108,"column":null}},"31":{"start":{"line":111,"column":1},"end":{"line":116,"column":null}},"32":{"start":{"line":112,"column":22},"end":{"line":114,"column":null}},"33":{"start":{"line":113,"column":26},"end":{"line":113,"column":94}},"34":{"start":{"line":115,"column":2},"end":{"line":115,"column":null}},"35":{"start":{"line":119,"column":1},"end":{"line":119,"column":null}},"36":{"start":{"line":126,"column":27},"end":{"line":126,"column":null}},"37":{"start":{"line":128,"column":1},"end":{"line":139,"column":null}},"38":{"start":{"line":130,"column":43},"end":{"line":137,"column":null}},"39":{"start":{"line":138,"column":2},"end":{"line":138,"column":null}},"40":{"start":{"line":141,"column":1},"end":{"line":148,"column":null}},"41":{"start":{"line":142,"column":43},"end":{"line":146,"column":null}},"42":{"start":{"line":147,"column":2},"end":{"line":147,"column":null}},"43":{"start":{"line":150,"column":1},"end":{"line":157,"column":null}},"44":{"start":{"line":151,"column":2},"end":{"line":156,"column":null}},"45":{"start":{"line":151,"column":29},"end":{"line":151,"column":null}},"46":{"start":{"line":151,"column":51},"end":{"line":156,"column":null}},"47":{"start":{"line":152,"column":34},"end":{"line":152,"column":null}},"48":{"start":{"line":152,"column":56},"end":{"line":156,"column":null}},"49":{"start":{"line":153,"column":34},"end":{"line":153,"column":null}},"50":{"start":{"line":153,"column":58},"end":{"line":156,"column":null}},"51":{"start":{"line":154,"column":34},"end":{"line":154,"column":null}},"52":{"start":{"line":154,"column":56},"end":{"line":156,"column":null}},"53":{"start":{"line":155,"column":34},"end":{"line":155,"column":null}},"54":{"start":{"line":156,"column":7},"end":{"line":156,"column":null}},"55":{"start":{"line":159,"column":1},"end":{"line":163,"column":null}},"56":{"start":{"line":160,"column":2},"end":{"line":160,"column":null}},"57":{"start":{"line":161,"column":1},"end":{"line":163,"column":null}},"58":{"start":{"line":162,"column":2},"end":{"line":162,"column":null}},"59":{"start":{"line":166,"column":1},"end":{"line":166,"column":null}},"60":{"start":{"line":168,"column":1},"end":{"line":168,"column":null}}},"fnMap":{"0":{"name":"exportToReact","decl":{"start":{"line":16,"column":22},"end":{"line":16,"column":36}},"loc":{"start":{"line":16,"column":93},"end":{"line":21,"column":null}},"line":16},"1":{"name":"generateImports","decl":{"start":{"line":26,"column":16},"end":{"line":26,"column":32}},"loc":{"start":{"line":26,"column":64},"end":{"line":40,"column":null}},"line":26},"2":{"name":"generateComponentCode","decl":{"start":{"line":45,"column":16},"end":{"line":45,"column":38}},"loc":{"start":{"line":45,"column":86},"end":{"line":66,"column":null}},"line":45},"3":{"name":"(anonymous_3)","decl":{"start":{"line":51,"column":37},"end":{"line":51,"column":38}},"loc":{"start":{"line":51,"column":53},"end":{"line":53,"column":2}},"line":51},"4":{"name":"generateElement","decl":{"start":{"line":71,"column":9},"end":{"line":71,"column":25}},"loc":{"start":{"line":71,"column":75},"end":{"line":101,"column":null}},"line":71},"5":{"name":"generateStyles","decl":{"start":{"line":106,"column":9},"end":{"line":106,"column":24}},"loc":{"start":{"line":106,"column":78},"end":{"line":120,"column":null}},"line":106},"6":{"name":"(anonymous_6)","decl":{"start":{"line":113,"column":8},"end":{"line":113,"column":9}},"loc":{"start":{"line":113,"column":26},"end":{"line":113,"column":94}},"line":113},"7":{"name":"generateTailwindClasses","decl":{"start":{"line":125,"column":9},"end":{"line":125,"column":33}},"loc":{"start":{"line":125,"column":70},"end":{"line":169,"column":null}},"line":125}},"branchMap":{"0":{"loc":{"start":{"line":29,"column":1},"end":{"line":33,"column":null}},"type":"if","locations":[{"start":{"line":29,"column":1},"end":{"line":33,"column":null}},{"start":{"line":31,"column":8},"end":{"line":33,"column":null}}],"line":29},"1":{"loc":{"start":{"line":35,"column":1},"end":{"line":37,"column":null}},"type":"if","locations":[{"start":{"line":35,"column":1},"end":{"line":37,"column":null}},{"start":{},"end":{}}],"line":35},"2":{"loc":{"start":{"line":49,"column":24},"end":{"line":49,"column":null}},"type":"cond-expr","locations":[{"start":{"line":49,"column":37},"end":{"line":49,"column":46}},{"start":{"line":49,"column":46},"end":{"line":49,"column":null}}],"line":49},"3":{"loc":{"start":{"line":62,"column":22},"end":{"line":62,"column":80}},"type":"cond-expr","locations":[{"start":{"line":62,"column":40},"end":{"line":62,"column":78}},{"start":{"line":62,"column":78},"end":{"line":62,"column":80}}],"line":62},"4":{"loc":{"start":{"line":74,"column":1},"end":{"line":77,"column":null}},"type":"if","locations":[{"start":{"line":74,"column":1},"end":{"line":77,"column":null}},{"start":{},"end":{}}],"line":74},"5":{"loc":{"start":{"line":79,"column":1},"end":{"line":82,"column":null}},"type":"if","locations":[{"start":{"line":79,"column":1},"end":{"line":82,"column":null}},{"start":{},"end":{}}],"line":79},"6":{"loc":{"start":{"line":79,"column":5},"end":{"line":79,"column":44}},"type":"binary-expr","locations":[{"start":{"line":79,"column":5},"end":{"line":79,"column":27}},{"start":{"line":79,"column":27},"end":{"line":79,"column":44}}],"line":79},"7":{"loc":{"start":{"line":81,"column":26},"end":{"line":81,"column":36}},"type":"binary-expr","locations":[{"start":{"line":81,"column":26},"end":{"line":81,"column":34}},{"start":{"line":81,"column":34},"end":{"line":81,"column":36}}],"line":81},"8":{"loc":{"start":{"line":84,"column":1},"end":{"line":97,"column":null}},"type":"if","locations":[{"start":{"line":84,"column":1},"end":{"line":97,"column":null}},{"start":{},"end":{}}],"line":84},"9":{"loc":{"start":{"line":89,"column":11},"end":{"line":89,"column":null}},"type":"cond-expr","locations":[{"start":{"line":89,"column":24},"end":{"line":89,"column":41}},{"start":{"line":89,"column":41},"end":{"line":89,"column":null}}],"line":89},"10":{"loc":{"start":{"line":90,"column":12},"end":{"line":90,"column":null}},"type":"cond-expr","locations":[{"start":{"line":90,"column":25},"end":{"line":90,"column":42}},{"start":{"line":90,"column":42},"end":{"line":90,"column":null}}],"line":90},"11":{"loc":{"start":{"line":107,"column":1},"end":{"line":109,"column":null}},"type":"if","locations":[{"start":{"line":107,"column":1},"end":{"line":109,"column":null}},{"start":{},"end":{}}],"line":107},"12":{"loc":{"start":{"line":111,"column":1},"end":{"line":116,"column":null}},"type":"if","locations":[{"start":{"line":111,"column":1},"end":{"line":116,"column":null}},{"start":{},"end":{}}],"line":111},"13":{"loc":{"start":{"line":113,"column":37},"end":{"line":113,"column":92}},"type":"cond-expr","locations":[{"start":{"line":113,"column":65},"end":{"line":113,"column":80}},{"start":{"line":113,"column":80},"end":{"line":113,"column":92}}],"line":113},"14":{"loc":{"start":{"line":128,"column":1},"end":{"line":139,"column":null}},"type":"if","locations":[{"start":{"line":128,"column":1},"end":{"line":139,"column":null}},{"start":{},"end":{}}],"line":128},"15":{"loc":{"start":{"line":138,"column":15},"end":{"line":138,"column":64}},"type":"binary-expr","locations":[{"start":{"line":138,"column":15},"end":{"line":138,"column":51}},{"start":{"line":138,"column":51},"end":{"line":138,"column":64}}],"line":138},"16":{"loc":{"start":{"line":141,"column":1},"end":{"line":148,"column":null}},"type":"if","locations":[{"start":{"line":141,"column":1},"end":{"line":148,"column":null}},{"start":{},"end":{}}],"line":141},"17":{"loc":{"start":{"line":147,"column":15},"end":{"line":147,"column":56}},"type":"binary-expr","locations":[{"start":{"line":147,"column":15},"end":{"line":147,"column":41}},{"start":{"line":147,"column":41},"end":{"line":147,"column":56}}],"line":147},"18":{"loc":{"start":{"line":150,"column":1},"end":{"line":157,"column":null}},"type":"if","locations":[{"start":{"line":150,"column":1},"end":{"line":157,"column":null}},{"start":{},"end":{}}],"line":150},"19":{"loc":{"start":{"line":151,"column":2},"end":{"line":156,"column":null}},"type":"if","locations":[{"start":{"line":151,"column":2},"end":{"line":156,"column":null}},{"start":{"line":151,"column":51},"end":{"line":156,"column":null}}],"line":151},"20":{"loc":{"start":{"line":151,"column":51},"end":{"line":156,"column":null}},"type":"if","locations":[{"start":{"line":151,"column":51},"end":{"line":156,"column":null}},{"start":{"line":152,"column":56},"end":{"line":156,"column":null}}],"line":151},"21":{"loc":{"start":{"line":152,"column":56},"end":{"line":156,"column":null}},"type":"if","locations":[{"start":{"line":152,"column":56},"end":{"line":156,"column":null}},{"start":{"line":153,"column":58},"end":{"line":156,"column":null}}],"line":152},"22":{"loc":{"start":{"line":153,"column":58},"end":{"line":156,"column":null}},"type":"if","locations":[{"start":{"line":153,"column":58},"end":{"line":156,"column":null}},{"start":{"line":154,"column":56},"end":{"line":156,"column":null}}],"line":153},"23":{"loc":{"start":{"line":154,"column":56},"end":{"line":156,"column":null}},"type":"if","locations":[{"start":{"line":154,"column":56},"end":{"line":156,"column":null}},{"start":{"line":156,"column":7},"end":{"line":156,"column":null}}],"line":154},"24":{"loc":{"start":{"line":159,"column":1},"end":{"line":163,"column":null}},"type":"if","locations":[{"start":{"line":159,"column":1},"end":{"line":163,"column":null}},{"start":{"line":161,"column":1},"end":{"line":163,"column":null}}],"line":159},"25":{"loc":{"start":{"line":161,"column":1},"end":{"line":163,"column":null}},"type":"if","locations":[{"start":{"line":161,"column":1},"end":{"line":163,"column":null}},{"start":{},"end":{}}],"line":161}},"s":{"0":7,"1":7,"2":7,"3":11,"4":11,"5":9,"6":2,"7":11,"8":1,"9":11,"10":16,"11":16,"12":16,"13":16,"14":11,"15":16,"16":16,"17":16,"18":11,"19":11,"20":7,"21":7,"22":4,"23":3,"24":3,"25":1,"26":1,"27":1,"28":0,"29":11,"30":10,"31":1,"32":1,"33":5,"34":1,"35":0,"36":10,"37":10,"38":7,"39":7,"40":10,"41":1,"42":1,"43":10,"44":2,"45":0,"46":2,"47":0,"48":2,"49":2,"50":0,"51":0,"52":0,"53":0,"54":0,"55":10,"56":1,"57":9,"58":0,"59":10,"60":10},"f":{"0":7,"1":11,"2":16,"3":11,"4":11,"5":11,"6":5,"7":10},"b":{"0":[9,2],"1":[1,10],"2":[6,10],"3":[2,14],"4":[7,4],"5":[3,1],"6":[4,1],"7":[3,0],"8":[1,0],"9":[1,0],"10":[1,0],"11":[10,1],"12":[1,0],"13":[4,1],"14":[7,3],"15":[7,0],"16":[1,9],"17":[1,0],"18":[2,8],"19":[0,2],"20":[0,2],"21":[2,0],"22":[0,0],"23":[0,0],"24":[1,9],"25":[0,9]},"meta":{"lastBranch":26,"lastFunction":8,"lastStatement":61,"seen":{"f:16:22:16:36":0,"s:17:17:17:Infinity":0,"s:18:19:18:Infinity":1,"s:20:1:20:Infinity":2,"f:26:16:26:32":1,"s:27:27:27:Infinity":3,"b:29:1:33:Infinity:31:8:33:Infinity":0,"s:29:1:33:Infinity":4,"s:30:2:30:Infinity":5,"s:32:2:32:Infinity":6,"b:35:1:37:Infinity:undefined:undefined:undefined:undefined":1,"s:35:1:37:Infinity":7,"s:36:2:36:Infinity":8,"s:39:1:39:Infinity":9,"f:45:16:45:38":2,"s:46:50:46:Infinity":10,"s:48:23:48:Infinity":11,"s:49:24:49:Infinity":12,"b:49:37:49:46:49:46:49:Infinity":2,"s:51:18:53:Infinity":13,"f:51:37:51:38":3,"s:52:2:52:Infinity":14,"s:55:23:58:Infinity":15,"s:62:19:62:Infinity":16,"b:62:40:62:78:62:78:62:80":3,"s:65:1:65:Infinity":17,"f:71:9:71:25":4,"s:72:66:72:Infinity":18,"b:74:1:77:Infinity:undefined:undefined:undefined:undefined":4,"s:74:1:77:Infinity":19,"s:75:17:75:Infinity":20,"s:76:2:76:Infinity":21,"b:79:1:82:Infinity:undefined:undefined:undefined:undefined":5,"s:79:1:82:Infinity":22,"b:79:5:79:27:79:27:79:44":6,"s:80:17:80:Infinity":23,"s:81:2:81:Infinity":24,"b:81:26:81:34:81:34:81:36":7,"b:84:1:97:Infinity:undefined:undefined:undefined:undefined":8,"s:84:1:97:Infinity":25,"s:85:17:95:Infinity":26,"b:89:24:89:41:89:41:89:Infinity":9,"b:90:25:90:42:90:42:90:Infinity":10,"s:96:2:96:Infinity":27,"s:100:1:100:Infinity":28,"f:106:9:106:24":5,"b:107:1:109:Infinity:undefined:undefined:undefined:undefined":11,"s:107:1:109:Infinity":29,"s:108:2:108:Infinity":30,"b:111:1:116:Infinity:undefined:undefined:undefined:undefined":12,"s:111:1:116:Infinity":31,"s:112:22:114:Infinity":32,"f:113:8:113:9":6,"s:113:26:113:94":33,"b:113:65:113:80:113:80:113:92":13,"s:115:2:115:Infinity":34,"s:119:1:119:Infinity":35,"f:125:9:125:33":7,"s:126:27:126:Infinity":36,"b:128:1:139:Infinity:undefined:undefined:undefined:undefined":14,"s:128:1:139:Infinity":37,"s:130:43:137:Infinity":38,"s:138:2:138:Infinity":39,"b:138:15:138:51:138:51:138:64":15,"b:141:1:148:Infinity:undefined:undefined:undefined:undefined":16,"s:141:1:148:Infinity":40,"s:142:43:146:Infinity":41,"s:147:2:147:Infinity":42,"b:147:15:147:41:147:41:147:56":17,"b:150:1:157:Infinity:undefined:undefined:undefined:undefined":18,"s:150:1:157:Infinity":43,"b:151:2:156:Infinity:151:51:156:Infinity":19,"s:151:2:156:Infinity":44,"s:151:29:151:Infinity":45,"b:151:51:156:Infinity:152:56:156:Infinity":20,"s:151:51:156:Infinity":46,"s:152:34:152:Infinity":47,"b:152:56:156:Infinity:153:58:156:Infinity":21,"s:152:56:156:Infinity":48,"s:153:34:153:Infinity":49,"b:153:58:156:Infinity:154:56:156:Infinity":22,"s:153:58:156:Infinity":50,"s:154:34:154:Infinity":51,"b:154:56:156:Infinity:156:7:156:Infinity":23,"s:154:56:156:Infinity":52,"s:155:34:155:Infinity":53,"s:156:7:156:Infinity":54,"b:159:1:163:Infinity:161:1:163:Infinity":24,"s:159:1:163:Infinity":55,"s:160:2:160:Infinity":56,"b:161:1:163:Infinity:undefined:undefined:undefined:undefined":25,"s:161:1:163:Infinity":57,"s:162:2:162:Infinity":58,"s:166:1:166:Infinity":59,"s:168:1:168:Infinity":60}}}
}
